This is pdfTeX, Version 3.14159265-2.6-1.40.16 (TeX Live 2015/Debian) (preloaded format=pdflatex 2017.9.3)  4 OCT 2017 00:08
entering extended mode
 restricted \write18 enabled.
 %&-line parsing enabled.
**173050061.tex
(./173050061.tex
LaTeX2e <2016/02/01>
Babel <3.9q> and hyphenation patterns for 3 language(s) loaded.
(/usr/share/texlive/texmf-dist/tex/latex/base/article.cls
Document Class: article 2014/09/29 v1.4h Standard LaTeX document class
(/usr/share/texlive/texmf-dist/tex/latex/base/size12.clo
File: size12.clo 2014/09/29 v1.4h Standard LaTeX file (size option)
)
\c@part=\count79
\c@section=\count80
\c@subsection=\count81
\c@subsubsection=\count82
\c@paragraph=\count83
\c@subparagraph=\count84
\c@figure=\count85
\c@table=\count86
\abovecaptionskip=\skip41
\belowcaptionskip=\skip42
\bibindent=\dimen102
) (./tabu.sty
Package: tabu 2011/02/26 v2.8 - flexible LaTeX tabulars (FC)

(/usr/share/texlive/texmf-dist/tex/latex/tools/array.sty
Package: array 2014/10/28 v2.4c Tabular extension package (FMi)
\col@sep=\dimen103
\extrarowheight=\dimen104
\NC@list=\toks14
\extratabsurround=\skip43
\backup@length=\skip44
) (./varwidth.sty
Package: varwidth 2009/03/30 ver 0.92;  Variable-width minipages
\@vwid@box=\box26
\sift@deathcycles=\count87
\@vwid@loff=\dimen105
\@vwid@roff=\dimen106
)
\c@taburow=\count88
\tabu@nbcols=\count89
\tabu@cnt=\count90
\tabu@Xcol=\count91
\tabu@alloc=\count92
\tabu@nested=\count93
\tabu@target=\dimen107
\tabu@spreadtarget=\dimen108
\tabu@naturalX=\dimen109
\tabucolX=\dimen110
\tabu@Xsum=\dimen111
\extrarowdepth=\dimen112
\abovetabulinesep=\dimen113
\belowtabulinesep=\dimen114
\tabustrutrule=\dimen115
\tabu@thebody=\toks15
\tabu@footnotes=\toks16
\tabu@box=\box27
\tabu@arstrutbox=\box28
\tabu@hleads=\box29
\tabu@vleads=\box30
\tabu@cellskip=\skip45
)
(/usr/share/texlive/texmf-dist/tex/latex/listings/listings.sty
(/usr/share/texlive/texmf-dist/tex/latex/graphics/keyval.sty
Package: keyval 2014/10/28 v1.15 key=value parser (DPC)
\KV@toks@=\toks17
)
\lst@mode=\count94
\lst@gtempboxa=\box31
\lst@token=\toks18
\lst@length=\count95
\lst@currlwidth=\dimen116
\lst@column=\count96
\lst@pos=\count97
\lst@lostspace=\dimen117
\lst@width=\dimen118
\lst@newlines=\count98
\lst@lineno=\count99
\lst@maxwidth=\dimen119

(/usr/share/texlive/texmf-dist/tex/latex/listings/lstmisc.sty
File: lstmisc.sty 2015/06/04 1.6 (Carsten Heinz)
\c@lstnumber=\count100
\lst@skipnumbers=\count101
\lst@framebox=\box32
)
(/usr/share/texlive/texmf-dist/tex/latex/listings/listings.cfg
File: listings.cfg 2015/06/04 1.6 listings configuration
))
Package: listings 2015/06/04 1.6 (Carsten Heinz)

(/usr/share/texlive/texmf-dist/tex/latex/graphics/graphicx.sty
Package: graphicx 2014/10/28 v1.0g Enhanced LaTeX Graphics (DPC,SPQR)

(/usr/share/texlive/texmf-dist/tex/latex/graphics/graphics.sty
Package: graphics 2016/01/03 v1.0q Standard LaTeX Graphics (DPC,SPQR)

(/usr/share/texlive/texmf-dist/tex/latex/graphics/trig.sty
Package: trig 2016/01/03 v1.10 sin cos tan (DPC)
)
(/usr/share/texlive/texmf-dist/tex/latex/latexconfig/graphics.cfg
File: graphics.cfg 2010/04/23 v1.9 graphics configuration of TeX Live
)
Package graphics Info: Driver file: pdftex.def on input line 95.

(/usr/share/texlive/texmf-dist/tex/latex/pdftex-def/pdftex.def
File: pdftex.def 2011/05/27 v0.06d Graphics/color for pdfTeX

(/usr/share/texlive/texmf-dist/tex/generic/oberdiek/infwarerr.sty
Package: infwarerr 2010/04/08 v1.3 Providing info/warning/error messages (HO)
)
(/usr/share/texlive/texmf-dist/tex/generic/oberdiek/ltxcmds.sty
Package: ltxcmds 2011/11/09 v1.22 LaTeX kernel commands for general use (HO)
)
\Gread@gobject=\count102
))
\Gin@req@height=\dimen120
\Gin@req@width=\dimen121
)
(/usr/share/texlive/texmf-dist/tex/latex/booktabs/booktabs.sty
Package: booktabs 2005/04/14 v1.61803 publication quality tables
\heavyrulewidth=\dimen122
\lightrulewidth=\dimen123
\cmidrulewidth=\dimen124
\belowrulesep=\dimen125
\belowbottomsep=\dimen126
\aboverulesep=\dimen127
\abovetopsep=\dimen128
\cmidrulesep=\dimen129
\cmidrulekern=\dimen130
\defaultaddspace=\dimen131
\@cmidla=\count103
\@cmidlb=\count104
\@aboverulesep=\dimen132
\@belowrulesep=\dimen133
\@thisruleclass=\count105
\@lastruleclass=\count106
\@thisrulewidth=\dimen134
)
(/usr/share/texlive/texmf-dist/tex/latex/float/float.sty
Package: float 2001/11/08 v1.3d Float enhancements (AL)
\c@float@type=\count107
\float@exts=\toks19
\float@box=\box33
\@float@everytoks=\toks20
\@floatcapt=\box34
)
(/usr/share/texlive/texmf-dist/tex/latex/hyperref/hyperref.sty
Package: hyperref 2012/11/06 v6.83m Hypertext links for LaTeX

(/usr/share/texlive/texmf-dist/tex/generic/oberdiek/hobsub-hyperref.sty
Package: hobsub-hyperref 2012/05/28 v1.13 Bundle oberdiek, subset hyperref (HO)


(/usr/share/texlive/texmf-dist/tex/generic/oberdiek/hobsub-generic.sty
Package: hobsub-generic 2012/05/28 v1.13 Bundle oberdiek, subset generic (HO)
Package: hobsub 2012/05/28 v1.13 Construct package bundles (HO)
Package hobsub Info: Skipping package `infwarerr' (already loaded).
Package hobsub Info: Skipping package `ltxcmds' (already loaded).
Package: ifluatex 2010/03/01 v1.3 Provides the ifluatex switch (HO)
Package ifluatex Info: LuaTeX not detected.
Package: ifvtex 2010/03/01 v1.5 Detect VTeX and its facilities (HO)
Package ifvtex Info: VTeX not detected.
Package: intcalc 2007/09/27 v1.1 Expandable calculations with integers (HO)
Package: ifpdf 2011/01/30 v2.3 Provides the ifpdf switch (HO)
Package ifpdf Info: pdfTeX in PDF mode is detected.
Package: etexcmds 2011/02/16 v1.5 Avoid name clashes with e-TeX commands (HO)
Package etexcmds Info: Could not find \expanded.
(etexcmds)             That can mean that you are not using pdfTeX 1.50 or
(etexcmds)             that some package has redefined \expanded.
(etexcmds)             In the latter case, load this package earlier.
Package: kvsetkeys 2012/04/25 v1.16 Key value parser (HO)
Package: kvdefinekeys 2011/04/07 v1.3 Define keys (HO)
Package: pdftexcmds 2011/11/29 v0.20 Utility functions of pdfTeX for LuaTeX (HO
)
Package pdftexcmds Info: LuaTeX not detected.
Package pdftexcmds Info: \pdf@primitive is available.
Package pdftexcmds Info: \pdf@ifprimitive is available.
Package pdftexcmds Info: \pdfdraftmode found.
Package: pdfescape 2011/11/25 v1.13 Implements pdfTeX's escape features (HO)
Package: bigintcalc 2012/04/08 v1.3 Expandable calculations on big integers (HO
)
Package: bitset 2011/01/30 v1.1 Handle bit-vector datatype (HO)
Package: uniquecounter 2011/01/30 v1.2 Provide unlimited unique counter (HO)
)
Package hobsub Info: Skipping package `hobsub' (already loaded).
Package: letltxmacro 2010/09/02 v1.4 Let assignment for LaTeX macros (HO)
Package: hopatch 2012/05/28 v1.2 Wrapper for package hooks (HO)
Package: xcolor-patch 2011/01/30 xcolor patch
Package: atveryend 2011/06/30 v1.8 Hooks at the very end of document (HO)
Package atveryend Info: \enddocument detected (standard20110627).
Package: atbegshi 2011/10/05 v1.16 At begin shipout hook (HO)
Package: refcount 2011/10/16 v3.4 Data extraction from label references (HO)
Package: hycolor 2011/01/30 v1.7 Color options for hyperref/bookmark (HO)
)
(/usr/share/texlive/texmf-dist/tex/generic/ifxetex/ifxetex.sty
Package: ifxetex 2010/09/12 v0.6 Provides ifxetex conditional
)
(/usr/share/texlive/texmf-dist/tex/latex/oberdiek/auxhook.sty
Package: auxhook 2011/03/04 v1.3 Hooks for auxiliary files (HO)
)
(/usr/share/texlive/texmf-dist/tex/latex/oberdiek/kvoptions.sty
Package: kvoptions 2011/06/30 v3.11 Key value format for package options (HO)
)
\@linkdim=\dimen135
\Hy@linkcounter=\count108
\Hy@pagecounter=\count109

(/usr/share/texlive/texmf-dist/tex/latex/hyperref/pd1enc.def
File: pd1enc.def 2012/11/06 v6.83m Hyperref: PDFDocEncoding definition (HO)
)
\Hy@SavedSpaceFactor=\count110

(/usr/share/texlive/texmf-dist/tex/latex/latexconfig/hyperref.cfg
File: hyperref.cfg 2002/06/06 v1.2 hyperref configuration of TeXLive
)
Package hyperref Info: Hyper figures OFF on input line 4443.
Package hyperref Info: Link nesting OFF on input line 4448.
Package hyperref Info: Hyper index ON on input line 4451.
Package hyperref Info: Plain pages OFF on input line 4458.
Package hyperref Info: Backreferencing OFF on input line 4463.
Package hyperref Info: Implicit mode ON; LaTeX internals redefined.
Package hyperref Info: Bookmarks ON on input line 4688.
\c@Hy@tempcnt=\count111

(/usr/share/texlive/texmf-dist/tex/latex/url/url.sty
\Urlmuskip=\muskip10
Package: url 2013/09/16  ver 3.4  Verb mode for urls, etc.
)
LaTeX Info: Redefining \url on input line 5041.
\XeTeXLinkMargin=\dimen136
\Fld@menulength=\count112
\Field@Width=\dimen137
\Fld@charsize=\dimen138
Package hyperref Info: Hyper figures OFF on input line 6295.
Package hyperref Info: Link nesting OFF on input line 6300.
Package hyperref Info: Hyper index ON on input line 6303.
Package hyperref Info: backreferencing OFF on input line 6310.
Package hyperref Info: Link coloring OFF on input line 6315.
Package hyperref Info: Link coloring with OCG OFF on input line 6320.
Package hyperref Info: PDF/A mode OFF on input line 6325.
LaTeX Info: Redefining \ref on input line 6365.
LaTeX Info: Redefining \pageref on input line 6369.
\Hy@abspage=\count113
\c@Item=\count114
\c@Hfootnote=\count115
)

Package hyperref Message: Driver (autodetected): hpdftex.

(/usr/share/texlive/texmf-dist/tex/latex/hyperref/hpdftex.def
File: hpdftex.def 2012/11/06 v6.83m Hyperref driver for pdfTeX
\Fld@listcount=\count116
\c@bookmark@seq@number=\count117

(/usr/share/texlive/texmf-dist/tex/latex/oberdiek/rerunfilecheck.sty
Package: rerunfilecheck 2011/04/15 v1.7 Rerun checks for auxiliary files (HO)
Package uniquecounter Info: New unique counter `rerunfilecheck' on input line 2
82.
)
\Hy@SectionHShift=\skip46
)
(/usr/share/texlive/texmf-dist/tex/latex/caption/caption.sty
Package: caption 2016/02/21 v3.3-144 Customizing captions (AR)

(/usr/share/texlive/texmf-dist/tex/latex/caption/caption3.sty
Package: caption3 2016/02/04 v1.7-139 caption3 kernel (AR)
Package caption3 Info: TeX engine: e-TeX on input line 67.
\captionmargin=\dimen139
\captionmargin@=\dimen140
\captionwidth=\dimen141
\caption@tempdima=\dimen142
\caption@indent=\dimen143
\caption@parindent=\dimen144
\caption@hangindent=\dimen145
)
\c@ContinuedFloat=\count118
Package caption Info: float package is loaded.
Package caption Info: hyperref package is loaded.
Package caption Info: listings package is loaded.
)
Package hyperref Info: Option `colorlinks' set `true' on input line 16.

(/usr/share/texmf/tex/latex/tex-gyre/tgbonum.sty
Package: tgbonum 2009/09/27 v1.2 TeX Gyre Bonum as default roman family
) (./173050061.aux)
\openout1 = `173050061.aux'.

LaTeX Font Info:    Checking defaults for OML/cmm/m/it on input line 24.
LaTeX Font Info:    ... okay on input line 24.
LaTeX Font Info:    Checking defaults for T1/cmr/m/n on input line 24.
LaTeX Font Info:    ... okay on input line 24.
LaTeX Font Info:    Checking defaults for OT1/cmr/m/n on input line 24.
LaTeX Font Info:    ... okay on input line 24.
LaTeX Font Info:    Checking defaults for OMS/cmsy/m/n on input line 24.
LaTeX Font Info:    ... okay on input line 24.
LaTeX Font Info:    Checking defaults for OMX/cmex/m/n on input line 24.
LaTeX Font Info:    ... okay on input line 24.
LaTeX Font Info:    Checking defaults for U/cmr/m/n on input line 24.
LaTeX Font Info:    ... okay on input line 24.
LaTeX Font Info:    Checking defaults for PD1/pdf/m/n on input line 24.
LaTeX Font Info:    ... okay on input line 24.
LaTeX Font Info:    Try loading font information for OT1+qbk on input line 24.

(/usr/share/texmf/tex/latex/tex-gyre/ot1qbk.fd
File: ot1qbk.fd 2009/09/25 v1.2 font definition file for OT1/qbk
)
\c@lstlisting=\count119

(/usr/share/texlive/texmf-dist/tex/context/base/supp-pdf.mkii
[Loading MPS to PDF converter (version 2006.09.02).]
\scratchcounter=\count120
\scratchdimen=\dimen146
\scratchbox=\box35
\nofMPsegments=\count121
\nofMParguments=\count122
\everyMPshowfont=\toks21
\MPscratchCnt=\count123
\MPscratchDim=\dimen147
\MPnumerator=\count124
\makeMPintoPDFobject=\count125
\everyMPtoPDFconversion=\toks22
) (/usr/share/texlive/texmf-dist/tex/latex/oberdiek/epstopdf-base.sty
Package: epstopdf-base 2010/02/09 v2.5 Base part for package epstopdf

(/usr/share/texlive/texmf-dist/tex/latex/oberdiek/grfext.sty
Package: grfext 2010/08/19 v1.1 Manage graphics extensions (HO)
)
Package grfext Info: Graphics extension search list:
(grfext)             [.png,.pdf,.jpg,.mps,.jpeg,.jbig2,.jb2,.PNG,.PDF,.JPG,.JPE
G,.JBIG2,.JB2,.eps]
(grfext)             \AppendGraphicsExtensions on input line 452.

(/usr/share/texlive/texmf-dist/tex/latex/latexconfig/epstopdf-sys.cfg
File: epstopdf-sys.cfg 2010/07/13 v1.3 Configuration of (r)epstopdf for TeX Liv
e
))
\AtBeginShipoutBox=\box36

(/usr/share/texlive/texmf-dist/tex/latex/graphics/color.sty
Package: color 2016/01/03 v1.1b Standard LaTeX Color (DPC)

(/usr/share/texlive/texmf-dist/tex/latex/latexconfig/color.cfg
File: color.cfg 2007/01/18 v1.5 color configuration of teTeX/TeXLive
)
Package color Info: Driver file: pdftex.def on input line 143.
)
Package hyperref Info: Link coloring ON on input line 24.

(/usr/share/texlive/texmf-dist/tex/latex/hyperref/nameref.sty
Package: nameref 2012/10/27 v2.43 Cross-referencing by name of section

(/usr/share/texlive/texmf-dist/tex/generic/oberdiek/gettitlestring.sty
Package: gettitlestring 2010/12/03 v1.4 Cleanup title references (HO)
)
\c@section@level=\count126
)
LaTeX Info: Redefining \ref on input line 24.
LaTeX Info: Redefining \pageref on input line 24.
LaTeX Info: Redefining \nameref on input line 24.

(./173050061.out) (./173050061.out)
\@outlinefile=\write3
\openout3 = `173050061.out'.

Package caption Info: Begin \AtBeginDocument code.
Package caption Info: End \AtBeginDocument code.
LaTeX Font Info:    External font `cmex10' loaded for size
(Font)              <14.4> on input line 26.
LaTeX Font Info:    External font `cmex10' loaded for size
(Font)              <7> on input line 26.
 [1

{/var/lib/texmf/fonts/map/pdftex/updmap/pdftex.map}] (./173050061.toc
LaTeX Font Info:    External font `cmex10' loaded for size
(Font)              <12> on input line 2.
LaTeX Font Info:    External font `cmex10' loaded for size
(Font)              <8> on input line 2.
LaTeX Font Info:    External font `cmex10' loaded for size
(Font)              <6> on input line 2.
)
\tf@toc=\write4
\openout4 = `173050061.toc'.

 [2] (./173050061.lof)
\tf@lof=\write5
\openout5 = `173050061.lof'.

 [3]
LaTeX Font Info:    External font `cmex10' loaded for size
(Font)              <24.88> on input line 34.
LaTeX Font Info:    External font `cmex10' loaded for size
(Font)              <20.74> on input line 34.
LaTeX Font Info:    External font `cmex10' loaded for size
(Font)              <17.28> on input line 34.
LaTeX Font Info:    Try loading font information for OMS+qbk on input line 39.
LaTeX Font Info:    No file OMSqbk.fd. on input line 39.


LaTeX Font Warning: Font shape `OMS/qbk/m/n' undefined
(Font)              using `OMS/cmsy/m/n' instead
(Font)              for symbol `textbullet' on input line 39.

<image_1.jpg, id=76, 1540.75626pt x 845.1575pt>
File: image_1.jpg Graphic file (type jpg)
 <use image_1.jpg>
Package pdftex.def Info: image_1.jpg used on input line 58.
(pdftex.def)             Requested size: 284.51822pt x 284.52551pt.

<image_2.jpg, id=77, 1540.75626pt x 845.1575pt>
File: image_2.jpg Graphic file (type jpg)
 <use image_2.jpg>
Package pdftex.def Info: image_2.jpg used on input line 61.
(pdftex.def)             Requested size: 284.51822pt x 284.52551pt.
 [4]
Overfull \vbox (70.551pt too high) has occurred while \output is active []


[5 <./image_1.jpg> <./image_2.jpg>]
<image_4.jpg, id=90, 1540.75626pt x 845.1575pt>
File: image_4.jpg Graphic file (type jpg)
 <use image_4.jpg>
Package pdftex.def Info: image_4.jpg used on input line 67.
(pdftex.def)             Requested size: 284.51822pt x 284.52551pt.

<image_5.jpg, id=91, 1540.75626pt x 845.1575pt>
File: image_5.jpg Graphic file (type jpg)
 <use image_5.jpg>
Package pdftex.def Info: image_5.jpg used on input line 70.
(pdftex.def)             Requested size: 284.51822pt x 284.52551pt.

Overfull \vbox (70.551pt too high) has occurred while \output is active []


[6 <./image_4.jpg> <./image_5.jpg>] [7] (./table1.tex) [8]
Overfull \vbox (19.61996pt too high) has occurred while \output is active []


[9]
Overfull \hbox (3.79349pt too wide) in paragraph at lines 104--104
\OT1/qbk/b/n/17.28 from ta-ble in an-swer 5 us-ing melt mothod 
 []

(./table2.tex) [10]
Overfull \hbox (4.62296pt too wide) in paragraph at lines 108--108
[]\OT1/qbk/b/n/17.28 Commodities that we both ex-port and im-
 []

(./table3.tex)
Overfull \hbox (45.71953pt too wide) in paragraph at lines 1--110
[]
 []


Underfull \hbox (badness 10000) in paragraph at lines 1--110

 []

[11] <image_3.jpg, id=127, 1540.75626pt x 845.1575pt>
File: image_3.jpg Graphic file (type jpg)
 <use image_3.jpg>
Package pdftex.def Info: image_3.jpg used on input line 130.
(pdftex.def)             Requested size: 284.51822pt x 284.52551pt.

<image_6.jpg, id=128, 1540.75626pt x 845.1575pt>
File: image_6.jpg Graphic file (type jpg)
 <use image_6.jpg>
Package pdftex.def Info: image_6.jpg used on input line 140.
(pdftex.def)             Requested size: 284.51822pt x 284.52551pt.

<image_7.jpg, id=129, 642.4pt x 481.8pt>
File: image_7.jpg Graphic file (type jpg)
 <use image_7.jpg>
Package pdftex.def Info: image_7.jpg used on input line 143.
(pdftex.def)             Requested size: 284.5291pt x 284.53154pt.
 [12 <./image_3.jpg>]
Overfull \vbox (70.55702pt too high) has occurred while \output is active []


[13 <./image_6.jpg> <./image_7.jpg>]
Underfull \hbox (badness 10000) in paragraph at lines 148--151

 []


Underfull \hbox (badness 10000) in paragraph at lines 148--151

 []

Package atveryend Info: Empty hook `BeforeClearDocument' on input line 159.
[14]
Package atveryend Info: Empty hook `AfterLastShipout' on input line 159.
 (./173050061.aux)
Package atveryend Info: Executing hook `AtVeryEndDocument' on input line 159.
Package atveryend Info: Executing hook `AtEndAfterFileList' on input line 159.
Package rerunfilecheck Info: File `173050061.out' has not changed.
(rerunfilecheck)             Checksum: 386AD15B504DDBFA2929EC3982DF1853;706.


LaTeX Font Warning: Some font shapes were not available, defaults substituted.

Package atveryend Info: Empty hook `AtVeryVeryEnd' on input line 159.
 ) 
Here is how much of TeX's memory you used:
 8351 strings out of 494953
 126670 string characters out of 6180978
 216672 words of memory out of 5000000
 11506 multiletter control sequences out of 15000+600000
 32265 words of font info for 45 fonts, out of 8000000 for 9000
 14 hyphenation exceptions out of 8191
 36i,7n,39p,242b,320s stack positions out of 5000i,500n,10000p,200000b,80000s
{/usr/share/texmf/fonts/enc/dvips/tex-gyre/q-rm.enc}</usr/share/texlive/texmf
-dist/fonts/type1/public/amsfonts/cm/cmex10.pfb></usr/share/texlive/texmf-dist/
fonts/type1/public/amsfonts/cm/cmmi12.pfb></usr/share/texlive/texmf-dist/fonts/
type1/public/amsfonts/cm/cmmi6.pfb></usr/share/texlive/texmf-dist/fonts/type1/p
ublic/amsfonts/cm/cmmi8.pfb></usr/share/texlive/texmf-dist/fonts/type1/public/a
msfonts/cm/cmr12.pfb></usr/share/texlive/texmf-dist/fonts/type1/public/amsfonts
/cm/cmr6.pfb></usr/share/texlive/texmf-dist/fonts/type1/public/amsfonts/cm/cmr8
.pfb></usr/share/texlive/texmf-dist/fonts/type1/public/amsfonts/cm/cmss12.pfb><
/usr/share/texlive/texmf-dist/fonts/type1/public/amsfonts/cm/cmsy10.pfb></usr/s
hare/texlive/texmf-dist/fonts/type1/public/amsfonts/cm/cmsy6.pfb></usr/share/te
xlive/texmf-dist/fonts/type1/public/amsfonts/cm/cmsy8.pfb></usr/share/texlive/t
exmf-dist/fonts/type1/public/amsfonts/cm/cmtt12.pfb></usr/share/texmf/fonts/typ
e1/public/tex-gyre/qbkb.pfb></usr/share/texmf/fonts/type1/public/tex-gyre/qbkr.
pfb>
Output written on 173050061.pdf (14 pages, 845151 bytes).
PDF statistics:
 216 PDF objects out of 1000 (max. 8388607)
 177 compressed objects within 2 object streams
 44 named destinations out of 1000 (max. 500000)
 100 words of extra memory for PDF output out of 10000 (max. 10000000)

